{"D:\\Doc\\HERO\\NodeJS\\Node-API-Authentication\\app.js": {"path":"D:\\Doc\\HERO\\NodeJS\\Node-API-Authentication\\app.js","statementMap":{"0":{"start":{"line":1,"column":16},"end":{"line":1,"column":34}},"1":{"start":{"line":2,"column":12},"end":{"line":2,"column":21}},"2":{"start":{"line":3,"column":15},"end":{"line":3,"column":32}},"3":{"start":{"line":4,"column":17},"end":{"line":4,"column":36}},"4":{"start":{"line":7,"column":19},"end":{"line":7,"column":43}},"5":{"start":{"line":8,"column":19},"end":{"line":8,"column":43}},"6":{"start":{"line":10,"column":0},"end":{"line":10,"column":16}},"7":{"start":{"line":12,"column":12},"end":{"line":12,"column":26}},"8":{"start":{"line":13,"column":0},"end":{"line":13,"column":31}},"9":{"start":{"line":15,"column":0},"end":{"line":15,"column":38}},"10":{"start":{"line":16,"column":0},"end":{"line":17,"column":44}},"11":{"start":{"line":17,"column":10},"end":{"line":17,"column":42}},"12":{"start":{"line":20,"column":0},"end":{"line":20,"column":24}},"13":{"start":{"line":24,"column":0},"end":{"line":24,"column":33}},"14":{"start":{"line":25,"column":0},"end":{"line":25,"column":33}},"15":{"start":{"line":28,"column":0},"end":{"line":28,"column":21}},"16":{"start":{"line":30,"column":0},"end":{"line":30,"column":63}},"17":{"start":{"line":30,"column":23},"end":{"line":30,"column":61}}},"fnMap":{"0":{"name":"(anonymous_0)","decl":{"start":{"line":17,"column":4},"end":{"line":17,"column":5}},"loc":{"start":{"line":17,"column":10},"end":{"line":17,"column":42}},"line":17},"1":{"name":"(anonymous_1)","decl":{"start":{"line":30,"column":17},"end":{"line":30,"column":18}},"loc":{"start":{"line":30,"column":23},"end":{"line":30,"column":61}},"line":30}},"branchMap":{},"s":{"0":1,"1":1,"2":1,"3":1,"4":1,"5":1,"6":1,"7":1,"8":1,"9":1,"10":1,"11":1,"12":1,"13":1,"14":1,"15":1,"16":1,"17":1},"f":{"0":1,"1":1},"b":{},"_coverageSchema":"43e27e138ebf9cfc5966b082cf9a028302ed4184","hash":"1059d19411f163dfddd3f3d10942b7e747abda66"}
,"D:\\Doc\\HERO\\NodeJS\\Node-API-Authentication\\validation.js": {"path":"D:\\Doc\\HERO\\NodeJS\\Node-API-Authentication\\validation.js","statementMap":{"0":{"start":{"line":1,"column":12},"end":{"line":1,"column":32}},"1":{"start":{"line":3,"column":27},"end":{"line":17,"column":1}},"2":{"start":{"line":4,"column":19},"end":{"line":15,"column":5}},"3":{"start":{"line":16,"column":4},"end":{"line":16,"column":38}},"4":{"start":{"line":19,"column":24},"end":{"line":30,"column":1}},"5":{"start":{"line":20,"column":19},"end":{"line":28,"column":5}},"6":{"start":{"line":29,"column":4},"end":{"line":29,"column":38}},"7":{"start":{"line":32,"column":0},"end":{"line":32,"column":55}},"8":{"start":{"line":33,"column":0},"end":{"line":33,"column":49}}},"fnMap":{"0":{"name":"(anonymous_0)","decl":{"start":{"line":3,"column":27},"end":{"line":3,"column":28}},"loc":{"start":{"line":3,"column":35},"end":{"line":17,"column":1}},"line":3},"1":{"name":"(anonymous_1)","decl":{"start":{"line":19,"column":24},"end":{"line":19,"column":25}},"loc":{"start":{"line":19,"column":32},"end":{"line":30,"column":1}},"line":19}},"branchMap":{},"s":{"0":1,"1":1,"2":1,"3":1,"4":1,"5":0,"6":0,"7":1,"8":1},"f":{"0":1,"1":0},"b":{},"_coverageSchema":"43e27e138ebf9cfc5966b082cf9a028302ed4184","hash":"24273957d289cd76d61387944e08b1887c8bc965"}
,"D:\\Doc\\HERO\\NodeJS\\Node-API-Authentication\\helper\\verifytoken.js": {"path":"D:\\Doc\\HERO\\NodeJS\\Node-API-Authentication\\helper\\verifytoken.js","statementMap":{"0":{"start":{"line":1,"column":12},"end":{"line":1,"column":35}},"1":{"start":{"line":4,"column":18},"end":{"line":4,"column":45}},"2":{"start":{"line":5,"column":4},"end":{"line":5,"column":63}},"3":{"start":{"line":5,"column":16},"end":{"line":5,"column":63}},"4":{"start":{"line":6,"column":4},"end":{"line":15,"column":5}},"5":{"start":{"line":7,"column":28},"end":{"line":7,"column":71}},"6":{"start":{"line":8,"column":8},"end":{"line":10,"column":10}},"7":{"start":{"line":11,"column":8},"end":{"line":11,"column":30}},"8":{"start":{"line":12,"column":8},"end":{"line":12,"column":15}},"9":{"start":{"line":14,"column":8},"end":{"line":14,"column":46}},"10":{"start":{"line":18,"column":0},"end":{"line":18,"column":41}}},"fnMap":{"0":{"name":"verifytoken","decl":{"start":{"line":3,"column":9},"end":{"line":3,"column":20}},"loc":{"start":{"line":3,"column":37},"end":{"line":16,"column":1}},"line":3}},"branchMap":{"0":{"loc":{"start":{"line":5,"column":4},"end":{"line":5,"column":63}},"type":"if","locations":[{"start":{"line":5,"column":4},"end":{"line":5,"column":63}},{"start":{"line":5,"column":4},"end":{"line":5,"column":63}}],"line":5}},"s":{"0":1,"1":0,"2":0,"3":0,"4":0,"5":0,"6":0,"7":0,"8":0,"9":0,"10":1},"f":{"0":0},"b":{"0":[0,0]},"_coverageSchema":"43e27e138ebf9cfc5966b082cf9a028302ed4184","hash":"d872734e786f59f93caae319ae9b584c65a8657e"}
,"D:\\Doc\\HERO\\NodeJS\\Node-API-Authentication\\model\\User.js": {"path":"D:\\Doc\\HERO\\NodeJS\\Node-API-Authentication\\model\\User.js","statementMap":{"0":{"start":{"line":1,"column":17},"end":{"line":1,"column":36}},"1":{"start":{"line":3,"column":19},"end":{"line":25,"column":2}},"2":{"start":{"line":27,"column":0},"end":{"line":27,"column":52}}},"fnMap":{},"branchMap":{},"s":{"0":1,"1":1,"2":1},"f":{},"b":{},"_coverageSchema":"43e27e138ebf9cfc5966b082cf9a028302ed4184","hash":"dd11ca7c8c287cc6ccde01a3d7b544fccd076ea8"}
,"D:\\Doc\\HERO\\NodeJS\\Node-API-Authentication\\routes\\auth.js": {"path":"D:\\Doc\\HERO\\NodeJS\\Node-API-Authentication\\routes\\auth.js","statementMap":{"0":{"start":{"line":1,"column":15},"end":{"line":1,"column":42}},"1":{"start":{"line":2,"column":13},"end":{"line":2,"column":37}},"2":{"start":{"line":3,"column":48},"end":{"line":3,"column":72}},"3":{"start":{"line":4,"column":15},"end":{"line":4,"column":32}},"4":{"start":{"line":5,"column":12},"end":{"line":5,"column":35}},"5":{"start":{"line":7,"column":0},"end":{"line":32,"column":3}},"6":{"start":{"line":8,"column":22},"end":{"line":8,"column":50}},"7":{"start":{"line":9,"column":4},"end":{"line":9,"column":69}},"8":{"start":{"line":9,"column":15},"end":{"line":9,"column":69}},"9":{"start":{"line":11,"column":22},"end":{"line":11,"column":67}},"10":{"start":{"line":12,"column":4},"end":{"line":12,"column":66}},"11":{"start":{"line":12,"column":19},"end":{"line":12,"column":66}},"12":{"start":{"line":15,"column":17},"end":{"line":15,"column":41}},"13":{"start":{"line":16,"column":25},"end":{"line":16,"column":67}},"14":{"start":{"line":17,"column":17},"end":{"line":21,"column":6}},"15":{"start":{"line":22,"column":4},"end":{"line":31,"column":5}},"16":{"start":{"line":23,"column":25},"end":{"line":23,"column":42}},"17":{"start":{"line":24,"column":8},"end":{"line":28,"column":10}},"18":{"start":{"line":30,"column":8},"end":{"line":30,"column":36}},"19":{"start":{"line":35,"column":0},"end":{"line":53,"column":3}},"20":{"start":{"line":36,"column":4},"end":{"line":36,"column":13}},"21":{"start":{"line":37,"column":22},"end":{"line":37,"column":47}},"22":{"start":{"line":38,"column":4},"end":{"line":38,"column":69}},"23":{"start":{"line":38,"column":15},"end":{"line":38,"column":69}},"24":{"start":{"line":39,"column":17},"end":{"line":39,"column":62}},"25":{"start":{"line":40,"column":4},"end":{"line":40,"column":67}},"26":{"start":{"line":40,"column":15},"end":{"line":40,"column":67}},"27":{"start":{"line":42,"column":22},"end":{"line":42,"column":76}},"28":{"start":{"line":43,"column":4},"end":{"line":43,"column":67}},"29":{"start":{"line":43,"column":20},"end":{"line":43,"column":67}},"30":{"start":{"line":44,"column":4},"end":{"line":52,"column":5}},"31":{"start":{"line":45,"column":22},"end":{"line":45,"column":75}},"32":{"start":{"line":46,"column":8},"end":{"line":49,"column":10}},"33":{"start":{"line":51,"column":8},"end":{"line":51,"column":36}},"34":{"start":{"line":55,"column":0},"end":{"line":59,"column":3}},"35":{"start":{"line":56,"column":4},"end":{"line":58,"column":7}},"36":{"start":{"line":57,"column":8},"end":{"line":57,"column":24}},"37":{"start":{"line":61,"column":0},"end":{"line":61,"column":24}}},"fnMap":{"0":{"name":"(anonymous_0)","decl":{"start":{"line":7,"column":25},"end":{"line":7,"column":26}},"loc":{"start":{"line":7,"column":45},"end":{"line":32,"column":1}},"line":7},"1":{"name":"(anonymous_1)","decl":{"start":{"line":35,"column":22},"end":{"line":35,"column":23}},"loc":{"start":{"line":35,"column":48},"end":{"line":53,"column":1}},"line":35},"2":{"name":"(anonymous_2)","decl":{"start":{"line":55,"column":20},"end":{"line":55,"column":21}},"loc":{"start":{"line":55,"column":40},"end":{"line":59,"column":1}},"line":55},"3":{"name":"(anonymous_3)","decl":{"start":{"line":56,"column":23},"end":{"line":56,"column":24}},"loc":{"start":{"line":56,"column":40},"end":{"line":58,"column":5}},"line":56}},"branchMap":{"0":{"loc":{"start":{"line":9,"column":4},"end":{"line":9,"column":69}},"type":"if","locations":[{"start":{"line":9,"column":4},"end":{"line":9,"column":69}},{"start":{"line":9,"column":4},"end":{"line":9,"column":69}}],"line":9},"1":{"loc":{"start":{"line":12,"column":4},"end":{"line":12,"column":66}},"type":"if","locations":[{"start":{"line":12,"column":4},"end":{"line":12,"column":66}},{"start":{"line":12,"column":4},"end":{"line":12,"column":66}}],"line":12},"2":{"loc":{"start":{"line":38,"column":4},"end":{"line":38,"column":69}},"type":"if","locations":[{"start":{"line":38,"column":4},"end":{"line":38,"column":69}},{"start":{"line":38,"column":4},"end":{"line":38,"column":69}}],"line":38},"3":{"loc":{"start":{"line":40,"column":4},"end":{"line":40,"column":67}},"type":"if","locations":[{"start":{"line":40,"column":4},"end":{"line":40,"column":67}},{"start":{"line":40,"column":4},"end":{"line":40,"column":67}}],"line":40},"4":{"loc":{"start":{"line":43,"column":4},"end":{"line":43,"column":67}},"type":"if","locations":[{"start":{"line":43,"column":4},"end":{"line":43,"column":67}},{"start":{"line":43,"column":4},"end":{"line":43,"column":67}}],"line":43}},"s":{"0":1,"1":1,"2":1,"3":1,"4":1,"5":1,"6":1,"7":1,"8":0,"9":1,"10":1,"11":0,"12":1,"13":1,"14":1,"15":1,"16":1,"17":1,"18":0,"19":1,"20":0,"21":0,"22":0,"23":0,"24":0,"25":0,"26":0,"27":0,"28":0,"29":0,"30":0,"31":0,"32":0,"33":0,"34":1,"35":1,"36":1,"37":1},"f":{"0":1,"1":0,"2":1,"3":1},"b":{"0":[0,1],"1":[0,1],"2":[0,0],"3":[0,0],"4":[0,0]},"_coverageSchema":"43e27e138ebf9cfc5966b082cf9a028302ed4184","hash":"de32d2d87e2d27f28512b936b42cc5246b1ef425"}
,"D:\\Doc\\HERO\\NodeJS\\Node-API-Authentication\\routes\\post.js": {"path":"D:\\Doc\\HERO\\NodeJS\\Node-API-Authentication\\routes\\post.js","statementMap":{"0":{"start":{"line":1,"column":15},"end":{"line":1,"column":42}},"1":{"start":{"line":2,"column":24},"end":{"line":2,"column":56}},"2":{"start":{"line":5,"column":0},"end":{"line":7,"column":3}},"3":{"start":{"line":6,"column":4},"end":{"line":6,"column":46}},"4":{"start":{"line":10,"column":0},"end":{"line":10,"column":24}}},"fnMap":{"0":{"name":"(anonymous_0)","decl":{"start":{"line":5,"column":29},"end":{"line":5,"column":30}},"loc":{"start":{"line":5,"column":43},"end":{"line":7,"column":1}},"line":5}},"branchMap":{},"s":{"0":1,"1":1,"2":1,"3":0,"4":1},"f":{"0":0},"b":{},"_coverageSchema":"43e27e138ebf9cfc5966b082cf9a028302ed4184","hash":"cd7dea6e10ea99c6cf2f76c7a146bab6c49ef7f7"}
}
