TN:
SF:D:\Doc\HERO\NodeJS\Node-API-Authentication\app.js
FN:17,(anonymous_0)
FN:30,(anonymous_1)
FNF:2
FNH:2
FNDA:1,(anonymous_0)
FNDA:1,(anonymous_1)
DA:1,1
DA:2,1
DA:3,1
DA:4,1
DA:7,1
DA:8,1
DA:10,1
DA:12,1
DA:13,1
DA:15,1
DA:16,1
DA:17,1
DA:20,1
DA:24,1
DA:25,1
DA:28,1
DA:30,1
LF:17
LH:17
BRF:0
BRH:0
end_of_record
TN:
SF:D:\Doc\HERO\NodeJS\Node-API-Authentication\validation.js
FN:3,(anonymous_0)
FN:19,(anonymous_1)
FNF:2
FNH:1
FNDA:1,(anonymous_0)
FNDA:0,(anonymous_1)
DA:1,1
DA:3,1
DA:4,1
DA:16,1
DA:19,1
DA:20,0
DA:29,0
DA:32,1
DA:33,1
LF:9
LH:7
BRF:0
BRH:0
end_of_record
TN:
SF:D:\Doc\HERO\NodeJS\Node-API-Authentication\helper\verifytoken.js
FN:3,verifytoken
FNF:1
FNH:0
FNDA:0,verifytoken
DA:1,1
DA:4,0
DA:5,0
DA:6,0
DA:7,0
DA:8,0
DA:11,0
DA:12,0
DA:14,0
DA:18,1
LF:10
LH:2
BRDA:5,0,0,0
BRDA:5,0,1,0
BRF:2
BRH:0
end_of_record
TN:
SF:D:\Doc\HERO\NodeJS\Node-API-Authentication\model\User.js
FNF:0
FNH:0
DA:1,1
DA:3,1
DA:27,1
LF:3
LH:3
BRF:0
BRH:0
end_of_record
TN:
SF:D:\Doc\HERO\NodeJS\Node-API-Authentication\routes\auth.js
FN:7,(anonymous_0)
FN:35,(anonymous_1)
FN:55,(anonymous_2)
FN:56,(anonymous_3)
FNF:4
FNH:3
FNDA:1,(anonymous_0)
FNDA:0,(anonymous_1)
FNDA:1,(anonymous_2)
FNDA:1,(anonymous_3)
DA:1,1
DA:2,1
DA:3,1
DA:4,1
DA:5,1
DA:7,1
DA:8,1
DA:9,1
DA:11,1
DA:12,1
DA:15,1
DA:16,1
DA:17,1
DA:22,1
DA:23,1
DA:24,1
DA:30,0
DA:35,1
DA:36,0
DA:37,0
DA:38,0
DA:39,0
DA:40,0
DA:42,0
DA:43,0
DA:44,0
DA:45,0
DA:46,0
DA:51,0
DA:55,1
DA:56,1
DA:57,1
DA:61,1
LF:33
LH:21
BRDA:9,0,0,0
BRDA:9,0,1,1
BRDA:12,1,0,0
BRDA:12,1,1,1
BRDA:38,2,0,0
BRDA:38,2,1,0
BRDA:40,3,0,0
BRDA:40,3,1,0
BRDA:43,4,0,0
BRDA:43,4,1,0
BRF:10
BRH:2
end_of_record
TN:
SF:D:\Doc\HERO\NodeJS\Node-API-Authentication\routes\post.js
FN:5,(anonymous_0)
FNF:1
FNH:0
FNDA:0,(anonymous_0)
DA:1,1
DA:2,1
DA:5,1
DA:6,0
DA:10,1
LF:5
LH:4
BRF:0
BRH:0
end_of_record
